🕒 合并时间：2025-04-04_17-25-52
📁 合并视频数量：60
📄 合并文件列表：
  - 2024-10-05_09-57-11_UTC.mp4
  - 2024-10-07_13-05-37_UTC.mp4
  - 2024-10-12_05-19-42_UTC.mp4
  - 2024-10-25_20-01-33_UTC.mp4
  - 2024-11-14_01-23-28_UTC.mp4
  - 2024-11-25_12-50-57_UTC.mp4
  - 2024-12-10_14-00-43_UTC.mp4
  - 2024-12-14_13-26-54_UTC.mp4
  - 2025-01-23_23-31-12_UTC.mp4
  - 2025-01-25_07-04-47_UTC.mp4
  - 2025-01-26_04-35-10_UTC.mp4
  - 2025-02-23_18-11-30_UTC.mp4
  - 2025-02-26_00-25-28_UTC.mp4
  - 2025-03-04_14-20-33_UTC.mp4
  - 2025-03-05_17-19-53_UTC.mp4
  - 2025-03-06_17-28-19_UTC.mp4
  - 2025-03-06_21-18-02_UTC.mp4
  - 2025-03-22_10-17-27_UTC.mp4
  - 2025-03-30_06-10-21_UTC.mp4
  - 2025-03-31_22-30-15_UTC.mp4
  - fixed_00.mp4
  - fixed_01.mp4
  - fixed_02.mp4
  - fixed_03.mp4
  - fixed_04.mp4
  - fixed_05.mp4
  - fixed_06.mp4
  - fixed_07.mp4
  - fixed_08.mp4
  - fixed_09.mp4
  - fixed_10.mp4
  - fixed_11.mp4
  - fixed_12.mp4
  - fixed_13.mp4
  - fixed_14.mp4
  - fixed_15.mp4
  - fixed_16.mp4
  - fixed_17.mp4
  - fixed_18.mp4
  - fixed_19.mp4
  - fixed_1_00.mp4
  - fixed_1_01.mp4
  - fixed_1_02.mp4
  - fixed_1_03.mp4
  - fixed_1_04.mp4
  - fixed_1_05.mp4
  - fixed_1_06.mp4
  - fixed_1_07.mp4
  - fixed_1_08.mp4
  - fixed_1_09.mp4
  - fixed_2_00.mp4
  - fixed_2_01.mp4
  - fixed_2_02.mp4
  - fixed_2_03.mp4
  - fixed_2_04.mp4
  - fixed_2_05.mp4
  - fixed_2_06.mp4
  - fixed_2_07.mp4
  - fixed_2_08.mp4
  - fixed_2_09.mp4

🎞️ 输出文件：/Users/yanglan/video/funny/2025-04-04_17-25-52.mp4
